<?xml version="1.0" encoding="UTF-8"?>
<!-- Generated by org.testng.reporters.JUnitReportReporter -->
<testsuite hostname="DE-C-W-878" name="tests.UserLoginTests" tests="3" failures="0" timestamp="17 Nov 2015 20:33:40 GMT" time="19.227" errors="0">
  <testcase name="testLogoutViaLink" time="8.823" classname="tests.UserLoginTests"/>
  <testcase name="testLogin" time="4.793" classname="tests.UserLoginTests"/>
  <testcase name="testFailedLogin" time="5.611" classname="tests.UserLoginTests"/>
</testsuite> <!-- tests.UserLoginTests -->
