<?xml version="1.0" encoding="UTF-8"?>
<!-- Generated by org.testng.reporters.JUnitReportReporter -->
<testsuite hostname="DE-C-W-878" name="pages.LoginTest" tests="3"
	failures="0" timestamp="23 Oct 2013 07:33:23 GMT" time="21.896" errors="0">
	<testcase name="testLogoutViaLink" time="8.883" classname="pages.LoginTest" />
	<testcase name="testFailedLogin" time="6.890" classname="pages.LoginTest" />
	<testcase name="testLogin" time="6.123" classname="pages.LoginTest" />
</testsuite> <!-- pages.LoginTest -->
