<?xml version="1.0" encoding="UTF-8"?>
<!-- Generated by org.testng.reporters.JUnitReportReporter -->
<testsuite hostname="DE-C-W-878" name="database.Connect"
	tests="1" failures="0" timestamp="25 Oct 2013 11:45:36 GMT" time="0.013"
	errors="0">
	<testcase name="closeConnection" time="0.013" classname="database.Connect" />
</testsuite> <!-- database.Connect -->
