<?xml version="1.0" encoding="UTF-8"?>
<!-- Generated by org.testng.reporters.JUnitReportReporter -->
<testsuite hostname="DE-C-W-878" name="tests.DeleteAllUsersWithoutAdmin" tests="1" failures="0" timestamp="11 Nov 2015 21:33:53 GMT" time="10.858" errors="0">
  <testcase name="testDeleteAllUsersWithoutAdmin" time="10.858" classname="tests.DeleteAllUsersWithoutAdmin"/>
</testsuite> <!-- tests.DeleteAllUsersWithoutAdmin -->
