<?xml version="1.0" encoding="UTF-8"?>
<!-- Generated by org.testng.reporters.JUnitReportReporter -->
<testsuite hostname="DE-C-W-878" name="tests.LoginAdminTest"
	tests="1" failures="0" timestamp="27 Oct 2013 18:41:12 GMT" time="12.687"
	errors="0">
	<testcase name="deleteAllUserExceptAdmin" time="12.687"
		classname="tests.LoginAdminTest" />
</testsuite> <!-- tests.LoginAdminTest -->
