<?xml version="1.0" encoding="UTF-8"?>
<!-- Generated by org.testng.reporters.JUnitReportReporter -->
<testsuite hostname="DE-C-W-878" name="tests.UserInteraction"
	tests="1" failures="0" timestamp="29 Oct 2013 10:24:31 GMT" time="4.531"
	errors="0">
	<testcase name="testLogin" time="4.531" classname="tests.UserInteraction" />
</testsuite> <!-- tests.UserInteraction -->
