<?xml version="1.0" encoding="UTF-8"?>
<!-- Generated by org.testng.reporters.JUnitReportReporter -->
<testsuite hostname="DE-C-W-878" name="tests.EmailPopupOnSampleSites"
	tests="1" failures="0" timestamp="29 Oct 2013 10:56:19 GMT" time="6.318"
	errors="0">
	<testcase name="testLogin" time="6.318"
		classname="tests.EmailPopupOnSampleSites" />
</testsuite> <!-- tests.EmailPopupOnSampleSites -->
