<?xml version="1.0" encoding="UTF-8"?>
<!-- Generated by org.testng.reporters.JUnitReportReporter -->
<testsuite hostname="DE-C-W-878" name="android.ConnectAndroid"
	tests="1" failures="0" timestamp="28 Oct 2013 12:13:04 GMT" time="6.328"
	errors="0">
	<testcase name="callBrowser" time="6.328" classname="android.ConnectAndroid" />
</testsuite> <!-- android.ConnectAndroid -->
