<?xml version="1.0" encoding="UTF-8"?>
<!-- Generated by org.testng.reporters.JUnitReportReporter -->
<testsuite hostname="DE-C-W-878" name="tests.LoginTest" tests="5"
	failures="0" timestamp="27 Oct 2013 18:41:12 GMT" time="41.980" errors="0">
	<testcase name="testLogoutViaLink" time="9.781" classname="tests.LoginTest" />
	<testcase name="AddUsersFromSQL" time="14.709" classname="tests.LoginTest" />
	<testcase name="testFailedLogin" time="5.151" classname="tests.LoginTest" />
	<testcase name="testLogin" time="5.046" classname="tests.LoginTest" />
	<testcase name="AddUsersFromSQL" time="7.293" classname="tests.LoginTest" />
</testsuite> <!-- tests.LoginTest -->
